<?xml version="1.0" encoding="UTF-8"?>
<testng-results ignored="0" total="1" passed="1" failed="0" skipped="0">
  <reporter-output>
  </reporter-output>
  <suite started-at="2024-04-14T21:21:12 IST" name="Default suite" finished-at="2024-04-14T21:21:16 IST" duration-ms="4370">
    <groups>
    </groups>
    <test started-at="2024-04-14T21:21:12 IST" name="Default test" finished-at="2024-04-14T21:21:16 IST" duration-ms="4370">
      <class name="patterns.PageTest">
        <test-method is-config="true" signature="setUp()[pri:0, instance:patterns.PageTest@242b836]" started-at="2024-04-14T21:21:12 IST" name="setUp" finished-at="2024-04-14T21:21:13 IST" duration-ms="1252" status="PASS">
          <reporter-output>
          </reporter-output>
        </test-method> <!-- setUp -->
        <test-method signature="test1()[pri:0, instance:patterns.PageTest@242b836]" started-at="2024-04-14T21:21:13 IST" name="test1" finished-at="2024-04-14T21:21:16 IST" duration-ms="2985" status="PASS">
          <reporter-output>
          </reporter-output>
        </test-method> <!-- test1 -->
        <test-method is-config="true" signature="tearDown()[pri:0, instance:patterns.PageTest@242b836]" started-at="2024-04-14T21:21:16 IST" name="tearDown" finished-at="2024-04-14T21:21:16 IST" duration-ms="98" status="PASS">
          <reporter-output>
          </reporter-output>
        </test-method> <!-- tearDown -->
      </class> <!-- patterns.PageTest -->
    </test> <!-- Default test -->
  </suite> <!-- Default suite -->
</testng-results>
